[ AutoCAD - Thu Jun 03 19:53:07 2021  ]----------------------------------------
Loading AEC Base...
Loading AEC Base Extended...
Loading AEC Core...
Loading AEC Project Base...
Loading AEC Architectural Base...
Loading AEC Schedule...

Loading Modeler DLLs.

Opening an AutoCAD 2018 format file.
Substituting [simplex.shx] for [Freehand575 BT].


AutoCAD menu utilities loaded.*Cancel*

Command: 

Autodesk DWG.  This file is a TrustedDWG last saved by an Autodesk application or Autodesk licensed application.

Command: 

Command: 
Command:  
Command: 
Command: _.erase 1 found

Command: 
Command: _.erase 1 found

Command: 
Command: _.erase 1 found

Command:  
Command: 
Command: 
Command: 


Command: 
Command:  
Command: _u DROPGEOM GROUP 
Command: 
Command: 
Command: _subtract Select solids, surfaces, and regions to subtract from ..

Select objects: 1 found

Select objects: 1 found, 2 total

Select objects: 
Select solids, surfaces, and regions to subtract ..
Select objects: 1 found

Select objects: 1 found, 2 total

Select objects: Specify opposite corner: 0 found
Select objects: 
No solids, surfaces, or regions selected.

Command: 
Command: 
Command: _subtract Select solids, surfaces, and regions to subtract from ..

Select objects: 1 found

Select objects: 1 found, 2 total

Select objects:  Select solids, surfaces, and regions to subtract ..
Select objects: 1 found

Select objects: 1 found, 2 total

Select objects: 1 found (1 duplicate), 2 total

Select objects: 1 found (1 duplicate), 2 total

Select objects: 1 found (1 duplicate), 2 total

Select objects:  
Resuming SUBTRACT command.

Select objects:  
Resuming SUBTRACT command.

Select objects: *Cancel*

Command: 
Command: _subtract Select solids, surfaces, and regions to subtract from ..

Select objects: 1 found

Select objects: 1 found, 2 total

Select objects: *Cancel*

Command:  
Command: 
Command: _.erase 1 found

Command: 
Command: _.erase 1 found

Command: 
Command: 
Command: _pline 
Specify start point: 
Current line-width is 0.000
Specify next point or [Arc/Halfwidth/Length/Undo/Width]: 157

Specify next point or [Arc/Close/Halfwidth/Length/Undo/Width]: 36

Specify next point or [Arc/Close/Halfwidth/Length/Undo/Width]: 151

Specify next point or [Arc/Close/Halfwidth/Length/Undo/Width]: 44

Specify next point or [Arc/Close/Halfwidth/Length/Undo/Width]: 308

Specify next point or [Arc/Close/Halfwidth/Length/Undo/Width]: close

Command: 
Command: 
Command: 
Command: _extrude 
Current wire frame density:  ISOLINES=20, Closed profiles creation mode = Solid
1 found
_MO Closed profiles creation mode [SOlid/SUrface] <Solid>: _SO

Specify height of extrusion or [Direction/Path/Taper angle/Expression]: 30


Command:  
Command: 
Command: *Cancel*

Command:  
Command: _u '.VIEWCUBEACTION 
Command: _u INTELLIZOOM 
Command: _u '.VIEWCUBEACTION 
Command: _u EXTRUDE GROUP 
Command: 
Command: 
Command: _extrude 
Current wire frame density:  ISOLINES=20, Closed profiles creation mode = Solid

Select objects to extrude or [MOde]: _MO Closed profiles creation mode [SOlid/SUrface] <Solid>: _SO

Select objects to extrude or [MOde]: 1 found

Select objects to extrude or [MOde]: *Cancel*

Command: 
Command: 
Command: 
Command: _extrude 
Current wire frame density:  ISOLINES=20, Closed profiles creation mode = Solid
1 found
_MO Closed profiles creation mode [SOlid/SUrface] <Solid>: _SO

Specify height of extrusion or [Direction/Path/Taper angle/Expression] <30.000>: 5


Command: 
Command: 
Command: 
 
** STRETCH **
Specify stretch point or [Base point/Copy/Undo/eXit]: 25

Command: *Cancel*

Command: _u Grip Edit 
Command: 
Command: 
Command: _copy 
Select objects: *Cancel*

Command: COPY

Select objects: 1 found

Select objects:  
Current settings:  Copy mode = Multiple
Specify base point or [Displacement/mOde] <Displacement>: 416.498

Specify second point or [Array] <use first point as displacement>: 

Command: 
Command: 
 
** STRETCH **
Specify stretch point or [Base point/Copy/Undo/eXit]: 25

Command: Specify opposite corner or [Fence/WPolygon/CPolygon]: 
Command: *Cancel*

Command:  
Command:  
Command:  
Command: 
Command: 
Command: *Cancel*

Command: 
Command: 
 
** STRETCH **
Specify stretch point or [Base point/Copy/Undo/eXit]: 5

Command: Specify opposite corner or [Fence/WPolygon/CPolygon]: *Cancel*

Command: *Cancel*

Command: _u Grip Edit 
Command: _u INTELLIZOOM 
Command:  
Command: 
Command: 
Command: _dim 
Select objects or specify first extension line origin or [Angular/Baseline/Continue/Ordinate/aliGn/Distribute/Layer/Undo]:
Select line to specify extension lines origin:























Specify dimension line location or second line for angle [Mtext/Text/text aNgle/Undo]:
Command: _u DIM GROUP 
Command: _u INTELLIZOOM 
Command: _u 
Command: _u 
Command: 
Command: COPY
1 found

Current settings:  Copy mode = Multiple
Specify base point or [Displacement/mOde] <Displacement>: 
Specify second point or [Array] <use first point as displacement>: 

Command: 
Command: 
Command: *Cancel*

Command: 
Command: 
 
** STRETCH **
Specify stretch point or [Base point/Copy/Undo/eXit]: 25

Command: Specify opposite corner or [Fence/WPolygon/CPolygon]: *Cancel*

Command: *Cancel*

Command: 
Command: 
Command: 


Command: 
Command:  
Command: _u DROPGEOM GROUP 
Command: _u INTELLIZOOM 
Command: _u Grip Edit 
Command:  
Command: 
Command: 
Command: 
Command: _copyclip 1 found

Command: COPY
1 found

Current settings:  Copy mode = Multiple
Specify base point or [Displacement/mOde] <Displacement>: 
Specify second point or [Array] <use first point as displacement>: 
Specify second point or [Array/Exit/Undo] <Exit>: *Cancel*

Command: 
Command: MOVE
1 found

Specify base point or [Displacement] <Displacement>: 
Specify second point or <use first point as displacement>: 
Command:  
Command:  
Command: 
Command:  
Command: 
 
** STRETCH **
Specify stretch point or [Base point/Copy/Undo/eXit]: 25

Command: Specify opposite corner or [Fence/WPolygon/CPolygon]: *Cancel*

Command: *Cancel*

Command: 
Command: 
 
** STRETCH **
Specify stretch point or [Base point/Copy/Undo/eXit]: 5

Command: *Cancel*

Command: _u Grip Edit 
Command: 
Command: 
 
** STRETCH **
Specify stretch point or [Base point/Copy/Undo/eXit]: *Cancel*

Command: 
 
** STRETCH **
Specify stretch point or [Base point/Copy/Undo/eXit]: *Cancel*

Command: *Cancel*

Command: 
Command: *Cancel*

Command: 
Command: 
 
** STRETCH **
Specify stretch point or [Base point/Copy/Undo/eXit]: 5

Command: Specify opposite corner or [Fence/WPolygon/CPolygon]: *Cancel*

Command: 
 
** STRETCH **
Specify stretch point or [Base point/Copy/Undo/eXit]: 5

Command: Specify opposite corner or [Fence/WPolygon/CPolygon]: *Cancel*

Command: *Cancel*

Command:  
Command:  
Command: _u 
Command: _u INTELLIZOOM 
Command: _u 
Command: _u '.VIEWCUBEACTION 
Command: 
Command: *Cancel*

Command: 
Command: MOVE
1 found

Specify base point or [Displacement] <Displacement>: 
Specify second point or <use first point as displacement>: 
Command: 
Command: _.erase 1 found

Command: 
Command: COPY
1 found

Current settings:  Copy mode = Multiple
Specify base point or [Displacement/mOde] <Displacement>: 
Specify second point or [Array] <use first point as displacement>: 

Command: 
Command: *Cancel*

Command: 
Command: MOVE
1 found

Specify base point or [Displacement] <Displacement>: 
Specify second point or <use first point as displacement>: 
Command: 
Command: COPY
1 found

Current settings:  Copy mode = Multiple
Specify base point or [Displacement/mOde] <Displacement>: 
Specify second point or [Array] <use first point as displacement>: 

Command: 
Command: MOVE
1 found

Specify base point or [Displacement] <Displacement>: 
Specify second point or <use first point as displacement>: 
Command: 
Command: COPY
1 found

Current settings:  Copy mode = Multiple
Specify base point or [Displacement/mOde] <Displacement>: 

Specify displacement <1128.546, 1550.980, 0.000>: 

Command: 
Command: MOVE
1 found

Specify base point or [Displacement] <Displacement>: 
Specify second point or <use first point as displacement>: 
Command: 
Command: 
Command: _copy 
Select objects: 1 found

Select objects:  
Current settings:  Copy mode = Multiple
Specify base point or [Displacement/mOde] <Displacement>: 

Specify displacement <1128.546, 1550.980, 0.000>: 

Command: 
Command: MOVE
1 found

Specify base point or [Displacement] <Displacement>: 
Specify second point or <use first point as displacement>: 
Command: 
Command: COPY
1 found

Current settings:  Copy mode = Multiple
Specify base point or [Displacement/mOde] <Displacement>: 
Specify second point or [Array] <use first point as displacement>: 
Specify second point or [Array/Exit/Undo] <Exit>: *Cancel*

Command: 
Command: MOVE
1 found

Specify base point or [Displacement] <Displacement>: 
Specify second point or <use first point as displacement>: 
Command: 
Command: 
 
** STRETCH **
Specify stretch point or [Base point/Copy/Undo/eXit]: 5

Command: 
Command: Specify opposite corner or [Fence/WPolygon/CPolygon]: *Cancel*

Command: *Cancel*

Command: 
Command: 
 
** STRETCH **
Specify stretch point or [Base point/Copy/Undo/eXit]: 5

Command: Specify opposite corner or [Fence/WPolygon/CPolygon]: *Cancel*

Command: *Cancel*

Command: _u Grip Edit 
Command: 
Command: 
 
** STRETCH **
Specify stretch point or [Base point/Copy/Undo/eXit]: 5

Command: Specify opposite corner or [Fence/WPolygon/CPolygon]: *Cancel*

Command: *Cancel*

Command:  
Command: 
Command: *Cancel*

Command: 
Command: 
 
** STRETCH **
Specify stretch point or [Base point/Copy/Undo/eXit]: 5

Command: Specify opposite corner or [Fence/WPolygon/CPolygon]: *Cancel*

Command: *Cancel*

Command:  
Command: 
Command: *Cancel*

Command: 
Command: 
 
** STRETCH **
Specify stretch point or [Base point/Copy/Undo/eXit]: 5

Command: *Cancel*

Command:  
Command: 
Command: 
 
** STRETCH **
Specify stretch point or [Base point/Copy/Undo/eXit]: 5

Command: *Cancel*

Command: 
Command: 
 
** STRETCH **
Specify stretch point or [Base point/Copy/Undo/eXit]: 5

Command: *Cancel*

Command:  
Command: 
Command: *Cancel*

Command:  
Command:  
Command: 
Command: *Cancel*

Command: 
Command: 
Command: _extrude 
Current wire frame density:  ISOLINES=20, Closed profiles creation mode = Solid

Select objects to extrude or [MOde]: _MO Closed profiles creation mode [SOlid/SUrface] <Solid>: _SO

Select objects to extrude or [MOde]: 1 found

Select objects to extrude or [MOde]:  
Cannot sweep or extrude an object of this type.
1 object removed from selection set.

Select objects to extrude or [MOde]:  Nothing selected.

Command:  
Command: 
Command: 
Command: 
Command: _extrude 
Current wire frame density:  ISOLINES=20, Closed profiles creation mode = Solid
1 found
_MO Closed profiles creation mode [SOlid/SUrface] <Solid>: _SO

Cannot sweep or extrude an object of this type.
1 object removed from selection set.

Select objects to extrude or [MOde]: 1 found

Select objects to extrude or [MOde]: mo
Closed profiles creation mode [SOlid/SUrface] <Solid>: SO

Cannot sweep or extrude an object of this type.
1 object removed from selection set.

Select objects to extrude or [MOde]: 1 found

Select objects to extrude or [MOde]: 1 found, 2 total

Select objects to extrude or [MOde]: *Cancel*

Automatic save to C:\Users\bomen\AppData\Local\Temp\Behuizing_1_498_a4741ba8.sv$ ...

Command: 
Command: 
Command: *Cancel*

Command: 
Command:  
 
** MOVE **
Specify move point or [Base point/Copy/Undo/eXit]: 10

Command: *Cancel*

Command: 
Command:  
 
** MOVE **
Specify move point or [Base point/Copy/Undo/eXit]: 10

Command: *Cancel*

Command:  
Command: 
Command:  
Command: 
Command: 
 
** STRETCH **
Specify stretch point or [Base point/Copy/Undo/eXit]: 5

Command:  
Command: *Cancel*

Command:  
Command:  
Command: 
Command: 
 
** STRETCH **
Specify stretch point or [Base point/Copy/Undo/eXit]: 25

Command: Specify opposite corner or [Fence/WPolygon/CPolygon]: *Cancel*

Command: *Cancel*

Command: _u Grip Edit 
Command: 
Command: MOVE
1 found

Specify base point or [Displacement] <Displacement>: 
Specify second point or <use first point as displacement>: 
Command: 
Command: 
Command: 
 
** STRETCH **
Specify stretch point or [Base point/Copy/Undo/eXit]: 25

Command: Specify opposite corner or [Fence/WPolygon/CPolygon]: *Cancel*

Command:  
Command: 
Command: 
Command: 
Command: _extrude 
Current wire frame density:  ISOLINES=20, Closed profiles creation mode = Solid
2 found
_MO Closed profiles creation mode [SOlid/SUrface] <Solid>: _SO

Cannot sweep or extrude an object of this type.
Cannot sweep or extrude an object of this type.
2 objects removed from selection set.

Select objects to extrude or [MOde]: *Cancel*

Command: 
Command: 
 
** STRETCH **
Specify stretch point or [Base point/Copy/Undo/eXit]: *Cancel*

Command: Specify opposite corner or [Fence/WPolygon/CPolygon]: *Cancel*

Command: *Cancel*

Command: 
Command: 
Command: _dim 
Select objects or specify first extension line origin or [Angular/Baseline/Continue/Ordinate/aliGn/Distribute/Layer/Undo]:
Select line to specify extension lines origin:
Specify dimension line location or second line for angle [Mtext/Text/text aNgle/Undo]:
Command: 
Command: 
 
** STRETCH **
Specify stretch point or [Base point/Copy/Undo/eXit]: 20

Command: *Cancel*

Command: 
Command: MOVE
1 found

Specify base point or [Displacement] <Displacement>: 
Specify second point or <use first point as displacement>: 
Command: Specify opposite corner or [Fence/WPolygon/CPolygon]: *Cancel*

Command: *Cancel*

Command: _u MOVE 
Command: 
Command: MOVE
1 found

Specify base point or [Displacement] <Displacement>: 
Specify second point or <use first point as displacement>: 
Command: _u INTELLIZOOM 
Command: _u MOVE 
Command: 
Command: MOVE
1 found

Specify base point or [Displacement] <Displacement>: 
Specify second point or <use first point as displacement>: 5

Command:  
Command: 
Command: 
Command: _extrude 
Current wire frame density:  ISOLINES=20, Closed profiles creation mode = Solid

Select objects to extrude or [MOde]: _MO Closed profiles creation mode [SOlid/SUrface] <Solid>: _SO

Select objects to extrude or [MOde]: 1 found

Select objects to extrude or [MOde]: 1 found (1 duplicate), 1 total

Select objects to extrude or [MOde]: *Cancel*

Command: 
Command: 
Command: _extrude 
Current wire frame density:  ISOLINES=20, Closed profiles creation mode = Solid

Select objects to extrude or [MOde]: _MO Closed profiles creation mode [SOlid/SUrface] <Solid>: _SO

Select objects to extrude or [MOde]: 1 found

Select objects to extrude or [MOde]: 1 found (1 duplicate), 1 total

Select objects to extrude or [MOde]: 

Cannot sweep or extrude an object of this type.
1 object removed from selection set.

Select objects to extrude or [MOde]: *Cancel*

Command:  
Command: 
Command: 
Command: _subtract Select solids, surfaces, and regions to subtract from ..

Select objects: 1 found

Select objects: 1 found (1 duplicate), 1 total

Select objects: *Cancel*

Command: 
Command: 
Command: _subtract Select solids, surfaces, and regions to subtract from ..

Select objects: 1 found

Select objects: 1 found, 2 total

Select objects: 
Select solids, surfaces, and regions to subtract ..
Select objects: *Cancel*

Command:  
Command:  
Command:  
Command: SURFTRIM

Extend surfaces = Yes, Projection = Automatic 

Select surfaces or regions to trim or [Extend/PROjection direction]: e

Extend trimming geometry [Yes/No] <Yes>: Y

Select surfaces or regions to trim or [Extend/PROjection direction]: 1 found

Select surfaces or regions to trim or [Extend/PROjection direction]: 1 found, 2 total

Select surfaces or regions to trim or [Extend/PROjection direction]: 

2 not selected, not a valid object type.

Select surfaces or regions to trim or [Extend/PROjection direction]: 1 found

Select surfaces or regions to trim or [Extend/PROjection direction]: 1 found (1 duplicate), 1 total

Select surfaces or regions to trim or [Extend/PROjection direction]: *Cancel*

Command: SURFTRIM

Extend surfaces = Yes, Projection = Automatic 

Select surfaces or regions to trim or [Extend/PROjection direction]: ex

Extend trimming geometry [Yes/No] <Yes>: Y

Select surfaces or regions to trim or [Extend/PROjection direction]: 1 found

Select surfaces or regions to trim or [Extend/PROjection direction]: 

Not a valid object type.

Select surfaces or regions to trim or [Extend/PROjection direction]: 1 found

Select surfaces or regions to trim or [Extend/PROjection direction]: 1 found (1 duplicate), 1 total

Select surfaces or regions to trim or [Extend/PROjection direction]: Specify opposite corner: 0 found
Select surfaces or regions to trim or [Extend/PROjection direction]: *Cancel*

Command: SURFTRIM

Extend surfaces = Yes, Projection = Automatic 

Select surfaces or regions to trim or [Extend/PROjection direction]: e

Extend trimming geometry [Yes/No] <Yes>: Y

Select surfaces or regions to trim or [Extend/PROjection direction]: 1 found

Select surfaces or regions to trim or [Extend/PROjection direction]: 1 found, 2 total

Select surfaces or regions to trim or [Extend/PROjection direction]: 

2 not selected, not a valid object type.

Select surfaces or regions to trim or [Extend/PROjection direction]: *Cancel*

Command: 
Command: 
Command: _solidedit 
Solids editing automatic checking:  SOLIDCHECK=1
Enter a solids editing option [Face/Edge/Body/Undo/eXit] <eXit>: _body 
Enter a body editing option
[Imprint/seParate solids/Shell/cLean/Check/Undo/eXit] <eXit>: _shell 
Select a 3D solid: 
Remove faces or [Undo/Add/ALL]: undo
Face selection has been completely undone.

Remove faces or [Undo/Add/ALL]: all

Remove faces or [Undo/Add/ALL]: 

Enter the shell offset distance: 46.436

Modeling Operation Error:
Error Code Number is 108027

Enter a body editing option
[Imprint/seParate solids/Shell/cLean/Check/Undo/eXit] <eXit>: *Cancel*

Command: 
Command: 
Command: _solidedit 
Solids editing automatic checking:  SOLIDCHECK=1
Enter a solids editing option [Face/Edge/Body/Undo/eXit] <eXit>: _body 
Enter a body editing option
[Imprint/seParate solids/Shell/cLean/Check/Undo/eXit] <eXit>: _shell 
Select a 3D solid: 
Remove faces or [Undo/Add/ALL]: *Cancel*

Command: 
Command: 
Command: _solidedit 
Solids editing automatic checking:  SOLIDCHECK=1
Enter a solids editing option [Face/Edge/Body/Undo/eXit] <eXit>: _body 
Enter a body editing option
[Imprint/seParate solids/Shell/cLean/Check/Undo/eXit] <eXit>: _shell 
Select a 3D solid: 
Remove faces or [Undo/Add/ALL]: 

Enter the shell offset distance: 5

Solid validation started.
Solid validation completed.

Enter a body editing option
[Imprint/seParate solids/Shell/cLean/Check/Undo/eXit] <eXit>: shell

Select a 3D solid: 
Remove faces or [Undo/Add/ALL]: 

Enter the shell offset distance: 5

Modeling Operation Error:
Error Code Number is 108026

Enter a body editing option
[Imprint/seParate solids/Shell/cLean/Check/Undo/eXit] <eXit>: P

Select a 3D solid: 
The selected solid does not have multiple lumps.

Enter a body editing option
[Imprint/seParate solids/Shell/cLean/Check/Undo/eXit] <eXit>: P

Select a 3D solid: 
The selected solid does not have multiple lumps.

Enter a body editing option
[Imprint/seParate solids/Shell/cLean/Check/Undo/eXit] <eXit>: P

Select a 3D solid: 
The selected solid does not have multiple lumps.

Enter a body editing option
[Imprint/seParate solids/Shell/cLean/Check/Undo/eXit] <eXit>: P

Select a 3D solid: 
The selected solid does not have multiple lumps.

Enter a body editing option
[Imprint/seParate solids/Shell/cLean/Check/Undo/eXit] <eXit>: sep

Select a 3D solid: 
The selected solid does not have multiple lumps.

Enter a body editing option
[Imprint/seParate solids/Shell/cLean/Check/Undo/eXit] <eXit>: P

Select a 3D solid: 
The selected solid does not have multiple lumps.

Enter a body editing option
[Imprint/seParate solids/Shell/cLean/Check/Undo/eXit] <eXit>: P

Select a 3D solid: 
Select a 3D solid: 
Select a 3D solid: 
Select a 3D solid: 
The selected solid does not have multiple lumps.

Enter a body editing option
[Imprint/seParate solids/Shell/cLean/Check/Undo/eXit] <eXit>: *Cancel*

Command: 
Command: 
Command: _subtract Select solids, surfaces, and regions to subtract from ..

Select objects: *Cancel*

Command: 
Command: 
Command: *Cancel*

Command: 
Command: 
Command: 
Command: 
Command: _subtract Select solids, surfaces, and regions to subtract from ..

Select objects: 1 found

Select objects: 1 found, 2 total

Select objects: 
Select solids, surfaces, and regions to subtract ..
Select objects: *Cancel*

Command: 
Command: _subtract Select solids, surfaces, and regions to subtract from ..

Select objects: 1 found

Select objects: 1 found (1 duplicate), 1 total

Select objects: 1 found (1 duplicate), 1 total

Select objects: 1 found (1 duplicate), 1 total

Select objects: 1 found (1 duplicate), 1 total

Select objects: 1 found (1 duplicate), 1 total

Select objects: *Cancel*

Command:  
Command: MOVE

Select objects: 1 found

Select objects: mov


*Invalid selection*
Expects a point or Window/Last/Crossing/BOX/ALL/Fence/WPolygon/CPolygon/Group/Add/Remove/Multiple/Previous/Undo/AUto/SIngle/SUbobject/Object

Select objects: *Cancel*

Command: 
Command: MOVE
1 found

Specify base point or [Displacement] <Displacement>: 
Specify second point or <use first point as displacement>: 
Command: *Cancel*

Command: 
Command: 
Command: _subtract Select solids, surfaces, and regions to subtract from ..

Select objects: 1 found

Select objects: 1 found, 2 total

Select objects: 
Select solids, surfaces, and regions to subtract ..
Select objects: *Cancel*

Command: *Cancel*

Command: 
Command: 
Command: _pline 
Specify start point: 5

Current line-width is 0.000
Specify next point or [Arc/Halfwidth/Length/Undo/Width]: 
Specify next point or [Arc/Close/Halfwidth/Length/Undo/Width]: *Cancel*

Command: 
Command: 
Command: _pline 
Specify start point: 5

Current line-width is 0.000
Specify next point or [Arc/Halfwidth/Length/Undo/Width]:  
Resuming PLINE command.

Specify next point or [Arc/Halfwidth/Length/Undo/Width]: 157

Specify next point or [Arc/Close/Halfwidth/Length/Undo/Width]: 36

Specify next point or [Arc/Close/Halfwidth/Length/Undo/Width]: 151

Specify next point or [Arc/Close/Halfwidth/Length/Undo/Width]:  
Resuming PLINE command.

Specify next point or [Arc/Close/Halfwidth/Length/Undo/Width]: 44

Specify next point or [Arc/Close/Halfwidth/Length/Undo/Width]: 308

Specify next point or [Arc/Close/Halfwidth/Length/Undo/Width]:  
Resuming PLINE command.

Specify next point or [Arc/Close/Halfwidth/Length/Undo/Width]: close

Automatic save to C:\Users\bomen\AppData\Local\Temp\Behuizing_1_498_a4741ba8.sv$ ...

Command: 
Command: 
Command: _.erase 1 found

Command: 
Command: 
Command: 
Command: _extrude 
Current wire frame density:  ISOLINES=20, Closed profiles creation mode = Solid
1 found
_MO Closed profiles creation mode [SOlid/SUrface] <Solid>: _SO

Specify height of extrusion or [Direction/Path/Taper angle/Expression] <5.000>: *Cancel*

Command: 
Command: 
 
** STRETCH **
Specify stretch point or [Base point/Copy/Undo/eXit]: 5

Command: *Cancel*

Command: 
Command: MOVE
1 found

Specify base point or [Displacement] <Displacement>:  
Resuming MOVE command.

Specify base point or [Displacement] <Displacement>: 
Specify second point or <use first point as displacement>: 5

Command:  
Command: 
Command: 
Command: _extrude 
Current wire frame density:  ISOLINES=20, Closed profiles creation mode = Solid

Select objects to extrude or [MOde]: _MO Closed profiles creation mode [SOlid/SUrface] <Solid>: _SO

Select objects to extrude or [MOde]: 1 found

Select objects to extrude or [MOde]: *Cancel*
*Cancel*

Command: _extrude 
Current wire frame density:  ISOLINES=20, Closed profiles creation mode = Solid

Select objects to extrude or [MOde]: _MO Closed profiles creation mode [SOlid/SUrface] <Solid>: _SO

Select objects to extrude or [MOde]: 1 found

Select objects to extrude or [MOde]: *Cancel*

Command: 
Command: 
Command: 
Command: _extrude 
Current wire frame density:  ISOLINES=20, Closed profiles creation mode = Solid
1 found
_MO Closed profiles creation mode [SOlid/SUrface] <Solid>: _SO

Specify height of extrusion or [Direction/Path/Taper angle/Expression] <5.000>: *Cancel*

Command: *Cancel*

Command: 
Command: 
Command: _solidedit 
Solids editing automatic checking:  SOLIDCHECK=1
Enter a solids editing option [Face/Edge/Body/Undo/eXit] <eXit>: _body 
Enter a body editing option
[Imprint/seParate solids/Shell/cLean/Check/Undo/eXit] <eXit>: _shell 
Select a 3D solid: 
Remove faces or [Undo/Add/ALL]:  
Enter the shell offset distance: 5

Modeling Operation Error:
Error Code Number is 108020

Enter a body editing option
[Imprint/seParate solids/Shell/cLean/Check/Undo/eXit] <eXit>: *Cancel*

Command: 
Command: SHELL

OS Command: 

Command: 
Command: _.erase 1 found

Command: 
Command: 
Command: _Polysolid Height = 4.000, Width = 0.250, Justification = Center
Specify start point or [Object/Height/Width/Justify] <Object>: 
Specify next point or [Arc/Undo]: 
Specify next point or [Arc/Undo]: 
Specify next point or [Arc/Close/Undo]: 
Specify next point or [Arc/Close/Undo]:  
Resuming POLYSOLID command.

Specify next point or [Arc/Close/Undo]: 
Specify next point or [Arc/Close/Undo]:  
Resuming POLYSOLID command.

Specify next point or [Arc/Close/Undo]: 
Specify next point or [Arc/Close/Undo]: clos

Command:  
Command: 
Command: *Cancel*

Command: 
Command: 
Command: 
Command: *Cancel*

Command: 
Command: 
Command: *Cancel*

Command: 
Command: 
Command: *Cancel*

Command: 
Command:  
Command: 
Command: *Cancel*

Command: 
Command: *Cancel*

Command: 
Command: 
Command: *Cancel*

Command:  
Command:  
Command:  
Command: 
Command: _.erase 1 found

Command:  
Command:  
Command:  
Command:  
Command: 
Command: 
Command: _box 
Specify first corner or [Center]: 
Specify other corner or [Cube/Length]: 5

Specify height or [2Point] <5.000>: *Cancel*

Command: 
Command: 
Command: _box 
Specify first corner or [Center]: 
Specify other corner or [Cube/Length]: 80

Specify height or [2Point] <5.000>: 25

Command: 
Command: MOVE
1 found

Specify base point or [Displacement] <Displacement>: 
Specify second point or <use first point as displacement>:  
Resuming MOVE command.

Specify second point or <use first point as displacement>: 
Command: 
Command: 
Specify point location or [Base point/Undo/eXit]: 10

Command: MOVE
1 found

Specify base point or [Displacement] <Displacement>: 
Specify second point or <use first point as displacement>: 
Command: 
Command: 
Command: _union 
Select objects: 1 found

Select objects: 1 found, 2 total

Select objects: 


Command: _u INTELLIZOOM GROUP 
Command:  
Command: 
Command: 
Command: _box 
Specify first corner or [Center]: 
Specify other corner or [Cube/Length]: 5

Specify height or [2Point] <25.000>: 25

Command:  
Command: 
Command: 
Specify point location or [Base point/Undo/eXit]: 5

Command: 
Command:  
Command: *Cancel*

Command:  
Command:  
Command: 
Command: MOVE
1 found

Specify base point or [Displacement] <Displacement>: 
Specify second point or <use first point as displacement>: 
Command: MOVE

Select objects: 1 found

Select objects: *Cancel*

Command: 
Command: MOVE
1 found

Specify base point or [Displacement] <Displacement>: 
Specify second point or <use first point as displacement>:  
Resuming MOVE command.

Specify second point or <use first point as displacement>: 
Command:  
Command:  
Command:  
Command: 
Command: 
Command: _union 
Select objects: 1 found

Select objects: 1 found, 2 total

Select objects: 


Command:  
Command:  
Command: 
Command: 
Command: _box 
Specify first corner or [Center]: 
Specify other corner or [Cube/Length]: 49

Specify height or [2Point] <-25.000>: *Cancel*

Command: 
Command: 
Command: _box 
Specify first corner or [Center]: 
Specify other corner or [Cube/Length]: 5

Specify height or [2Point] <-25.000>: *Cancel*

Command: 
Command: 
Command: _box 
Specify first corner or [Center]: 
Specify other corner or [Cube/Length]: 49

Specify height or [2Point] <-25.000>: 25

Command: 
Command: MOVE
1 found

Specify base point or [Displacement] <Displacement>: 
Specify second point or <use first point as displacement>: 
Command:  
Command: 
Command: 
Command: _union 
Select objects: 1 found

Select objects: 1 found, 2 total

Select objects: 


Command: 
Command: 
Command: _box 
Specify first corner or [Center]: 
Specify other corner or [Cube/Length]: 5

Specify height or [2Point] <-25.000>: 25

Command: 
Command:  
Command: MOVE
1 found

Specify base point or [Displacement] <Displacement>: 
Specify second point or <use first point as displacement>: 
Command:  
Command:  
Command: 
Command: 
Specify point location or [Base point/Undo/eXit]: 
Command: Specify opposite corner or [Fence/WPolygon/CPolygon]: *Cancel*

Command: *Cancel*

Command:  
Command: 
Command: 
Command: _union 
Select objects: 1 found

Select objects: 1 found, 2 total

Select objects: 


Command:  
Command: 
Command: 
Command: _box 
Specify first corner or [Center]: 
Specify other corner or [Cube/Length]: 46

Specify height or [2Point] <-25.000>: 25

Command: 
Command: MOVE
1 found

Specify base point or [Displacement] <Displacement>: 
Specify second point or <use first point as displacement>: 
Command:  
Command: 
Command: 
Specify point location or [Base point/Undo/eXit]: 
Command: *Cancel*

Command:  
Command:  
Command: 
Command: 
Command: _box 
Specify first corner or [Center]: 
Specify other corner or [Cube/Length]: 5

Specify height or [2Point] <-25.000>: 25

Command: 
Command: MOVE
1 found

Specify base point or [Displacement] <Displacement>: 
Specify second point or <use first point as displacement>: 
Command:  
Command: 
Command: 
Command: _union 
Select objects: 1 found

Select objects: 1 found, 2 total

Select objects: 


Command: 
Command: 
Command: _union 
Select objects: 1 found

Select objects: 1 found, 2 total

Select objects: 


Command: 
Command: 
Command: _union 
Select objects: 1 found

Select objects: 1 found, 2 total

Select objects: 


Automatic save to C:\Users\bomen\AppData\Local\Temp\Behuizing_1_498_a4741ba8.sv$ ...

Command: 
Command: 
Command: _.erase 1 found

Command:  
Command: Specify opposite corner or [Fence/WPolygon/CPolygon]: 
Command: _.erase 5 found

Command: 
Command: _.erase 1 found

Command:  
Command:  
Command:  
Command: _u '.3DPAN2 INTELLIZOOM 
Command: _u 
Command: _u INTELLIZOOM 
Command: _u '.VIEWCUBEACTION 
Command: _u INTELLIZOOM 
Command: _u 
Command: _u 
Command: _u 
Command: _u 
Command: _u 
Command: _u 
Command: _u ERASE 
Command: _u INTELLIZOOM 
Command: _u 
Command: _u ERASE 
Command: _u INTELLIZOOM '.3DPAN2 
Command: _u ERASE 
Command: _u INTELLIZOOM INTELLIZOOM INTELLIZOOM 
Command: _u UNION GROUP 
Command: Specify opposite corner or [Fence/WPolygon/CPolygon]: 
Command: Specify opposite corner or [Fence/WPolygon/CPolygon]: 
Command: COPY
2 found

Current settings:  Copy mode = Multiple
Specify base point or [Displacement/mOde] <Displacement>: 
Checking 595 intersections... 
Specify second point or [Array] <use first point as displacement>: 
Specify second point or [Array/Exit/Undo] <Exit>: *Cancel*

Command: 
Command: _.erase 1 found

Command: 
Command: _.erase 1 found

Command: Specify opposite corner or [Fence/WPolygon/CPolygon]: 
Command: _.erase 5 found

Command: 
Command: 
Command: _qsave 
Command: 
Command: 
Command: _union 
Select objects: 1 found

Select objects: 1 found, 2 total

Select objects: 


Command: 
Command: MOVE
1 found

Specify base point or [Displacement] <Displacement>: 
Specify second point or <use first point as displacement>: 
Command: 
Command: 
Command: 
Command: _extrude 
Current wire frame density:  ISOLINES=20, Closed profiles creation mode = Solid
1 found
_MO Closed profiles creation mode [SOlid/SUrface] <Solid>: _SO

Cannot sweep or extrude an object of this type.
1 object removed from selection set.

Select objects to extrude or [MOde]: 1 found

Select objects to extrude or [MOde]: *Cancel*

Command: 
Command: 
Command: 
Command: _extrude 
Current wire frame density:  ISOLINES=20, Closed profiles creation mode = Solid
1 found
_MO Closed profiles creation mode [SOlid/SUrface] <Solid>: _SO

Cannot sweep or extrude an object of this type.
1 object removed from selection set.

Select objects to extrude or [MOde]: *Cancel*

Command: 
Command: 
Command: _extrude 
Current wire frame density:  ISOLINES=20, Closed profiles creation mode = Solid

Select objects to extrude or [MOde]: _MO Closed profiles creation mode [SOlid/SUrface] <Solid>: _SO

Select objects to extrude or [MOde]: 1 found

Select objects to extrude or [MOde]: *Cancel*

Command: 
Command: 
Command: 
Command: _extrude 
Current wire frame density:  ISOLINES=20, Closed profiles creation mode = Solid
1 found
_MO Closed profiles creation mode [SOlid/SUrface] <Solid>: _SO

Cannot sweep or extrude an object of this type.
1 object removed from selection set.

Select objects to extrude or [MOde]: *Cancel*

Command: 
Command:  *Cancel*

Command: *Cancel*

Command: 
Command: Specify opposite corner or [Fence/WPolygon/CPolygon]: *Cancel*

Command: 
Command: 
Command: _box 
Specify first corner or [Center]:  
Resuming BOX command.

Specify first corner or [Center]:  
Resuming BOX command.

Specify first corner or [Center]:  
Resuming BOX command.

Specify first corner or [Center]: 
Specify other corner or [Cube/Length]: 5

Specify height or [2Point] <25.000>: 5

Command: 
Command: 
Specify point location or [Base point/Undo/eXit]: 10

Command: Specify opposite corner or [Fence/WPolygon/CPolygon]: *Cancel*

Command: *Cancel*

Command: 
Command: 
Command: 
Command: _Polysolid Height = 4.000, Width = 0.250, Justification = Center
Specify start point or [Object/Height/Width/Justify] <Object>: 
Specify next point or [Arc/Undo]: *Cancel*

Command: 
Command: 
Command: _box 
Specify first corner or [Center]: 
Specify other corner or [Cube/Length]: 85

Specify height or [2Point] <-5.000>: 5

Command:  
Command: 
Command: 
Command: 
Command: _box 
Specify first corner or [Center]: 
Specify other corner or [Cube/Length]: *Cancel*

Command: 
Command: 
Command: _box 
Specify first corner or [Center]:  
Resuming BOX command.

Specify first corner or [Center]: 
Specify other corner or [Cube/Length]: 15

Specify height or [2Point] <5.000>: 5

Command:  
Command: 
Command: 
Command: 
Command: _box 
Specify first corner or [Center]: 
Specify other corner or [Cube/Length]: 
Specify height or [2Point] <5.000>: 5

Command:  
Command: 
Command: 
Command: MOVE
1 found

Specify base point or [Displacement] <Displacement>: 
Specify second point or <use first point as displacement>: 
Command: 
Command: 
Command: 
Command: MOVE
1 found

Specify base point or [Displacement] <Displacement>: 
Specify second point or <use first point as displacement>: 34

Command: 
Command:  
Command: 
Command: 
Command: _dim 
Select objects or specify first extension line origin or [Angular/Baseline/Continue/Ordinate/aliGn/Distribute/Layer/Undo]:
Specify first extension line origin or [Angular/Baseline/Continue/Ordinate/aliGn/Distribute/Layer/Undo]:
Specify second extension line origin or [Undo]:
Specify dimension line location or second line for angle [Mtext/Text/text aNgle/Undo]:
Select objects or specify first extension line origin or [Angular/Baseline/Continue/Ordinate/aliGn/Distribute/Layer/Undo]:
Select extension line origin to continue or [Baseline]:

Specify second extension line origin or [Select/Undo] <Select>: *Cancel*

Select objects or specify first extension line origin or [Angular/Baseline/Continue/Ordinate/aliGn/Distribute/Layer/Undo]:
Select extension line origin to continue or [Baseline]:
Select extension line origin to continue or [Baseline]:*Cancel*

Command: *Cancel*

Command: 
Command: _.erase 1 found

Command: 
Command: 
Specify point location or [Base point/Undo/eXit]: 
Command: *Cancel*

Command: 
Command: 
Command: 
Command: _box 
Specify first corner or [Center]: 
Specify other corner or [Cube/Length]: *Cancel*

Command: 
Command: 
Command: _dim 
Select objects or specify first extension line origin or [Angular/Baseline/Continue/Ordinate/aliGn/Distribute/Layer/Undo]:
Specify first extension line origin or [Angular/Baseline/Continue/Ordinate/aliGn/Distribute/Layer/Undo]:
Specify second extension line origin or [Undo]:
Specify dimension line location or second line for angle [Mtext/Text/text aNgle/Undo]:
Command: 
Command: 
Command: _box 
Specify first corner or [Center]: 
Specify other corner or [Cube/Length]: 36

Specify height or [2Point] <5.000>: 5

Command: 
Command: MOVE
1 found

Specify base point or [Displacement] <Displacement>: 
Specify second point or <use first point as displacement>: 
Command:  
Command: 
Command: 
Command: _union 
Select objects: 1 found

Select objects: 1 found, 2 total

Select objects: 


Command: 
Command: 
Command: _union 
Select objects: 1 found

Select objects: 1 found, 2 total

Select objects: 


Command: 
Command: 
Command: _sweep 
Current wire frame density:  ISOLINES=20, Closed profiles creation mode = Solid

Select objects to sweep or [MOde]: _MO Closed profiles creation mode [SOlid/SUrface] <Solid>: _SO

Select objects to sweep or [MOde]: *Cancel*
*Cancel*

Command: _union 
Select objects: 1 found

Select objects: 1 found, 2 total

Select objects: 


Command: 
Command: 
Command: _union 
Select objects: 1 found

Select objects: 1 found, 2 total

Select objects: 


Command:  
Command: 
Command: MOVE
1 found

Specify base point or [Displacement] <Displacement>: 
Checking 561 intersections... 
Specify second point or <use first point as displacement>: 
Command:  
Command: 
Command: *Cancel*

Command: 
Automatic save to C:\Users\bomen\AppData\Local\Temp\Behuizing_1_32389_0a9091de.sv$ ...

Command: 
Command: *Cancel*

Command: 
Command: MOVE
1 found

Specify base point or [Displacement] <Displacement>: 
Specify second point or <use first point as displacement>: 
Command:  
Command:  
Command: 
Command: MOVE
1 found

Specify base point or [Displacement] <Displacement>: 
Specify second point or <use first point as displacement>: 
Command:  
Command:  
Command: 
Command: 
Command: Specify opposite corner or [Fence/WPolygon/CPolygon]: *Cancel*

Command: *Cancel*

Command: 
Command: 
Command: *Cancel*

Command: 
Command: Specify opposite corner or [Fence/WPolygon/CPolygon]: *Cancel*

Command: *Cancel*

Command: 
Command: 
Command: _box 
Specify first corner or [Center]: 
Specify other corner or [Cube/Length]: 5

Specify height or [2Point] <5.000>: 5

Command:  
Command: 
Command: MOVE
1 found

Specify base point or [Displacement] <Displacement>: 
Specify second point or <use first point as displacement>: 
Command: 
Command: 
Command: _union 
Select objects: 1 found

Select objects: 1 found, 2 total

Select objects: 


Command:  
Command:  
Command: 
Command: 
Command: _box 
Specify first corner or [Center]: 
Specify other corner or [Cube/Length]: 5

Specify height or [2Point] <-5.000>: 5

Command: 
Command: 
Command: _union 
Select objects: 1 found

Select objects: 1 found, 2 total

Select objects: 


Command: 
Command: MOVE
1 found

Specify base point or [Displacement] <Displacement>: 
Specify second point or <use first point as displacement>: 
Command:  
Command: 
Command: MOVE
1 found

Specify base point or [Displacement] <Displacement>:  
Resuming MOVE command.

Specify base point or [Displacement] <Displacement>: 
Specify second point or <use first point as displacement>: 
Command:  
Command: 
Command: 
Command: _dim 
Select objects or specify first extension line origin or [Angular/Baseline/Continue/Ordinate/aliGn/Distribute/Layer/Undo]:
Select line to specify extension lines origin:*Cancel*

Command: 
Command: 
Command: MOVE
2 found

Specify base point or [Displacement] <Displacement>: 
Specify second point or <use first point as displacement>: 
Command: 
Command: MOVE
1 found

Specify base point or [Displacement] <Displacement>:  
Resuming MOVE command.

Specify base point or [Displacement] <Displacement>: 
Specify second point or <use first point as displacement>: 
Command: 
Command: _.erase 1 found

Command:  
Enter new value for WSCURRENT <"3D Modeling">: 

Command: 
WSCURRENT

Enter new value for WSCURRENT <"Drafting & Annotation">: *Cancel*

Command:  
Command:  
Command:  
Command:  
Command: 
Command: 
Command: _pline 
Specify start point: 
Current line-width is 0.000
Specify next point or [Arc/Halfwidth/Length/Undo/Width]: 308

Specify next point or [Arc/Close/Halfwidth/Length/Undo/Width]: 44

Specify next point or [Arc/Close/Halfwidth/Length/Undo/Width]: 151

Specify next point or [Arc/Close/Halfwidth/Length/Undo/Width]: 36

Specify next point or [Arc/Close/Halfwidth/Length/Undo/Width]: 157

Specify next point or [Arc/Close/Halfwidth/Length/Undo/Width]: close

Command: 
Command: 
Command: 
Command: _offset 
Current settings: Erase source=No  Layer=Source  OFFSETGAPTYPE=0
Specify offset distance or [Through/Erase/Layer] <Through>: 

Specify through point or [Exit/Multiple/Undo] <Exit>: 5

Select object to offset or [Exit/Undo] <Exit>:  
Resuming OFFSET command.

Select object to offset or [Exit/Undo] <Exit>: *Cancel*

Command: 
Command: *Cancel*

Command: 
Command: 
Command: _.erase 1 found

Command: 
Command: 
Command: _pline 
Specify start point: 31

Current line-width is 0.000
Specify next point or [Arc/Halfwidth/Length/Undo/Width]: 
Specify next point or [Arc/Close/Halfwidth/Length/Undo/Width]: *Cancel*

Command: 
Command: 
Command: _pline 
Specify start point: 5

Current line-width is 0.000
Specify next point or [Arc/Halfwidth/Length/Undo/Width]: *Cancel*

Command: 
Command: 
Command: _pline 
Specify start point: 15

Current line-width is 0.000
Specify next point or [Arc/Halfwidth/Length/Undo/Width]: 
Specify next point or [Arc/Close/Halfwidth/Length/Undo/Width]: *Cancel*

Command: 
Command: 
Command: 
Command: _pline 
Specify start point: 15

Current line-width is 0.000
Specify next point or [Arc/Halfwidth/Length/Undo/Width]: 
Specify next point or [Arc/Close/Halfwidth/Length/Undo/Width]: *Cancel*

Command: 
Command: 
Command: _pline 
Specify start point: 5

Current line-width is 0.000
Specify next point or [Arc/Halfwidth/Length/Undo/Width]: 
Specify next point or [Arc/Close/Halfwidth/Length/Undo/Width]: 
Specify next point or [Arc/Close/Halfwidth/Length/Undo/Width]: 
Specify next point or [Arc/Close/Halfwidth/Length/Undo/Width]: 
Specify next point or [Arc/Close/Halfwidth/Length/Undo/Width]: *Cancel*

Command: 
Command: _.erase 1 found

Command: 
Command: _.erase 1 found

Command: 
Command: _.erase 1 found

Command:  
Enter new value for WSCURRENT <"Drafting & Annotation">: 

Command: 
WSCURRENT

Enter new value for WSCURRENT <"3D Modeling">: *Cancel*

Command:  
Command: 
Command: 
Command: _box 
Specify first corner or [Center]: 
Specify other corner or [Cube/Length]: 
Specify height or [2Point] <5.000>: 5

Command: 
Command: 
Command: _box 
Specify first corner or [Center]: 
Specify other corner or [Cube/Length]: 
Specify height or [2Point] <5.000>: 5

Command:  
Command:  
Command: 
Command: 
Command: _box 
Specify first corner or [Center]: 
Specify other corner or [Cube/Length]: 
Specify height or [2Point] <5.000>: 5

Command:  
Command:  
Command: 
Command: 
Command: _box 
Specify first corner or [Center]: 
Specify other corner or [Cube/Length]: 
Specify height or [2Point] <5.000>: 5

Command:  
Command:  
Command:  
Command: 
Command: 
Command: _box 
Specify first corner or [Center]: 
Specify other corner or [Cube/Length]: 
Specify height or [2Point] <5.000>: 5

Command: 
Command: 
Command: _union 
Select objects: 1 found

Select objects: 1 found, 2 total

Select objects: 


Command:  UNION

Select objects: 1 found

Select objects: 1 found, 2 total

Select objects:  

Command:  UNION

Select objects: 1 found

Select objects: 1 found, 2 total

Select objects:  

Command:  UNION

Select objects: 1 found

Select objects: 1 found, 2 total

Select objects:  

Command: 
Command: MOVE
1 found

Specify base point or [Displacement] <Displacement>:  
Resuming MOVE command.

Specify base point or [Displacement] <Displacement>: 
Specify second point or <use first point as displacement>: 
Command: _u MOVE 
Command: 
Command: _.erase 1 found

Command:  
Command: _u '.3DPAN2 
Command: _u ERASE 
Command: _u INTELLIZOOM 
Command: _u UNION 
Command: _u UNION 
Command: 
Command: 
Command: _union 
Select objects: 1 found

Select objects: 1 found, 2 total

Select objects:  

Command:  UNION

Select objects: 1 found

Select objects: 1 found, 2 total

Select objects:  

Command: 
Command: MOVE
1 found

Specify base point or [Displacement] <Displacement>: 
Specify second point or <use first point as displacement>: 
Command: 
Command: _.erase 1 found

Command:  
Command:  
Command: 
Command: 
Command: _box 
Specify first corner or [Center]: 
Specify other corner or [Cube/Length]: 5

Specify height or [2Point] <5.000>: 15

Command:  
Command:  
Command:  
Command: 
Command: 
Command: _box 
Specify first corner or [Center]: 
Specify other corner or [Cube/Length]: 5

Specify height or [2Point] <15.000>: 15

Command:  
Command:  
Command: 
Command: 
Command: _box 
Specify first corner or [Center]: 
Specify other corner or [Cube/Length]: 5

Specify height or [2Point] <15.000>: 15

Command:  
Command:  
Command:  
Command: 
Command: 
Command: _box 
Specify first corner or [Center]: 
Specify other corner or [Cube/Length]: 5

Specify height or [2Point] <15.000>: 15

Command: 
Command: 
Command: _box 
Specify first corner or [Center]: 
Specify other corner or [Cube/Length]: 5

Specify height or [2Point] <15.000>: 15

Automatic save to C:\Users\bomen\AppData\Local\Temp\Behuizing_1_32389_0a9091de.sv$ ...

Command: 
Command:  
Command: 
Command: 
Command: _box 
Specify first corner or [Center]: 
Specify other corner or [Cube/Length]: 5

Specify height or [2Point] <15.000>: 15

Command: 
Command: 
Command: _union 
Select objects: 1 found

Select objects: 1 found, 2 total

Select objects:  

Command:  UNION

Select objects: 1 found

Select objects:  
Resuming UNION command.

Select objects: 1 found, 2 total

Select objects:  

Command:  UNION

Select objects: 1 found

Select objects: 1 found, 2 total

Select objects:  

Command:  UNION

Select objects: 1 found

Select objects: 1 found, 2 total

Select objects:  

Command:  
Command:  UNION

Select objects: 1 found

Select objects: 1 found, 2 total

Select objects:  

Command: 
Command: MOVE
1 found

Specify base point or [Displacement] <Displacement>: 
Specify second point or <use first point as displacement>: 
Command: 
Command: 
Command: _union 
Select objects: 1 found

Select objects: 1 found, 2 total

Select objects:  

Command:  
Command: 
Command: _.erase 1 found

Command:  
Command: 
Command: MOVE
1 found

Specify base point or [Displacement] <Displacement>:  
Resuming MOVE command.

Specify base point or [Displacement] <Displacement>: 
Specify second point or <use first point as displacement>: 
Command: Specify opposite corner or [Fence/WPolygon/CPolygon]: 
Command: Specify opposite corner or [Fence/WPolygon/CPolygon]: 
Command: Specify opposite corner or [Fence/WPolygon/CPolygon]: 
Command: Specify opposite corner or [Fence/WPolygon/CPolygon]: 
Command: _.erase 2 found

Command:  
Command:  
Command: 
Automatic save to C:\Users\bomen\AppData\Local\Temp\Behuizing_1_32389_0a9091de.sv$ ...

Command: 
Command: 
Command: 
Command: _qsave 
Command:  
Command:  
Command:  
Command:  
Command: 
Command: 
Command: _pline 
Specify start point: 5

Current line-width is 0.000
Specify next point or [Arc/Halfwidth/Length/Undo/Width]: 
Specify next point or [Arc/Close/Halfwidth/Length/Undo/Width]: *Cancel*

Command: _u 
Command:  
Command:  
Command:  
Command: 
Command: 
Command: _pline 
Specify start point: 5

Current line-width is 0.000
Specify next point or [Arc/Halfwidth/Length/Undo/Width]: 
Specify next point or [Arc/Close/Halfwidth/Length/Undo/Width]: *Cancel*

Command:  PLINE

Specify start point: 
Current line-width is 0.000
Specify next point or [Arc/Halfwidth/Length/Undo/Width]: 
Specify next point or [Arc/Close/Halfwidth/Length/Undo/Width]: *Cancel*

Command: 
Command: 
Command: _pline 
Specify start point: 5

Current line-width is 0.000
Specify next point or [Arc/Halfwidth/Length/Undo/Width]: 5

Specify next point or [Arc/Close/Halfwidth/Length/Undo/Width]: *Cancel*

Command: 
Command: 
Command: _circle 
Specify center point for circle or [3P/2P/Ttr (tan tan radius)]: 
Specify radius of circle or [Diameter]: 3

Command:  CIRCLE

Specify center point for circle or [3P/2P/Ttr (tan tan radius)]: 
Specify radius of circle or [Diameter] <3.000>: 3

Command: 
Command: *Cancel*

Command: 
Command: _.erase 1 found

Command: 
Command: _.erase 1 found

Command: 
Command: _.erase 1 found

Command: 
Command: 
Command: _extrude 
Current wire frame density:  ISOLINES=20, Closed profiles creation mode = Solid

Select objects to extrude or [MOde]: _MO Closed profiles creation mode [SOlid/SUrface] <Solid>: _SO

Select objects to extrude or [MOde]: 1 found

Select objects to extrude or [MOde]: *Cancel*

Command: 
Command: 
Command: 
Command: _extrude 
Current wire frame density:  ISOLINES=20, Closed profiles creation mode = Solid
1 found
_MO Closed profiles creation mode [SOlid/SUrface] <Solid>: _SO

Specify height of extrusion or [Direction/Path/Taper angle/Expression] <15.000>: 

Command: 
Command: 
Command: _subtract Select solids, surfaces, and regions to subtract from ..

Select objects: 1 found

Select objects: 1 found, 2 total

Select objects: 
Select solids, surfaces, and regions to subtract ..
Select objects: 1 found

Select objects: 1 found, 2 total

Select objects: 
No solids, surfaces, or regions selected.

Command: 
Command: 
Command: 
Command: 
Command: _subtract Select solids, surfaces, and regions to subtract from ..

Select objects: 1 found

Select objects: 1 found, 2 total

Select objects: 
Select solids, surfaces, and regions to subtract ..
Select objects: *Cancel*

Command: 
Command: 
Command: 
Command: _extrude 
Current wire frame density:  ISOLINES=20, Closed profiles creation mode = Solid
1 found
_MO Closed profiles creation mode [SOlid/SUrface] <Solid>: _SO

Cannot sweep or extrude an object of this type.
1 object removed from selection set.

Select objects to extrude or [MOde]: 1 found

Select objects to extrude or [MOde]: *Cancel*
*Cancel*

Command: _extrude 
Current wire frame density:  ISOLINES=20, Closed profiles creation mode = Solid

Select objects to extrude or [MOde]: _MO Closed profiles creation mode [SOlid/SUrface] <Solid>: _SO

Select objects to extrude or [MOde]: 1 found

Select objects to extrude or [MOde]: *Cancel*

Command: 
Command: 
Command: 
Command: _extrude 
Current wire frame density:  ISOLINES=20, Closed profiles creation mode = Solid
1 found
_MO Closed profiles creation mode [SOlid/SUrface] <Solid>: _SO

Cannot sweep or extrude an object of this type.
1 object removed from selection set.

Select objects to extrude or [MOde]: *Cancel*

Command: 
Command: _.erase 1 found

Command: _u ERASE 
Command: _u EXTRUDE GROUP 
Command: _u GROUP EXTRUDE 
Command: _u EXTRUDE GROUP 
Command: _u SUBTRACT GROUP 
Command: _u SUBTRACT GROUP 
Command: _u EXTRUDE GROUP 
Command: 
Command: 
Command: 
Command: _extrude 
Current wire frame density:  ISOLINES=20, Closed profiles creation mode = Solid
1 found
_MO Closed profiles creation mode [SOlid/SUrface] <Solid>: _SO

Specify height of extrusion or [Direction/Path/Taper angle/Expression] <13.472>: 

Command: 
Command: 
Command: _subtract Select solids, surfaces, and regions to subtract from ..

Select objects: 1 found

Select objects: 1 found, 2 total

Select objects: 
Select solids, surfaces, and regions to subtract ..
Select objects: *Cancel*

Command: 
Command: MOVE
1 found

Specify base point or [Displacement] <Displacement>: 
Specify second point or <use first point as displacement>: *Cancel*

Command: 
Command: 
Command: _subtract Select solids, surfaces, and regions to subtract from ..

Select objects: 1 found

Select objects: 1 found, 2 total

Select objects: 
Select solids, surfaces, and regions to subtract ..
Select objects: 1 found

Select objects: 1 found, 2 total

Select objects:  No solids, surfaces, or regions selected.

Command:  
Command:  
Command: *Cancel*

Command: 
Command: _.erase 1 found

Command:  
Command: 
Command: _.erase 1 found

Command: 
Command: 
Automatic save to C:\Users\bomen\AppData\Local\Temp\Behuizing_1_7004_246d4506.sv$ ...

Command: 
Command: 
Command: 
Command: 
Command: _pasteclip Substituting [simplex.shx] for [Freehand575 BT].
Specify insertion point: 
Command: Specify opposite corner or [Fence/WPolygon/CPolygon]: 
Command: *Cancel*

Command: Specify opposite corner or [Fence/WPolygon/CPolygon]: 
Command: MOVE
8 found

Specify base point or [Displacement] <Displacement>: 
Specify second point or <use first point as displacement>:  
Resuming MOVE command.

Specify second point or <use first point as displacement>:  
Resuming MOVE command.

Specify second point or <use first point as displacement>:  
Resuming MOVE command.

Specify second point or <use first point as displacement>:  
Resuming MOVE command.

Specify second point or <use first point as displacement>: *Cancel*

Command:  
Command: Specify opposite corner or [Fence/WPolygon/CPolygon]: 
Command: *Cancel*

Command: Specify opposite corner or [Fence/WPolygon/CPolygon]: 
Command: MOVE
8 found

Specify base point or [Displacement] <Displacement>: 
Specify second point or <use first point as displacement>:  
Resuming MOVE command.

Specify second point or <use first point as displacement>: 
Command: Specify opposite corner or [Fence/WPolygon/CPolygon]: 
Command: MOVE
8 found

Specify base point or [Displacement] <Displacement>:  
Resuming MOVE command.

Specify base point or [Displacement] <Displacement>: 
Specify second point or <use first point as displacement>: 
Command: 
Command: 
Command: _qsave 
Command: 
Command: 
Command: _qsave 
Command: OP
OPTIONS 
